<?xml version="1.0" encoding="UTF-8"?>
<testng-results skipped="0" failed="0" total="2" passed="2">
  <reporter-output>
    <line>
      <![CDATA[Setting up report and test started]]>
    </line>
    <line>
      <![CDATA[Setting Done-Test can be started]]>
    </line>
    <line>
      <![CDATA[Starting the Browser and gettinga app ready]]>
    </line>
    <line>
      <![CDATA[Browser and app are up and running]]>
    </line>
    <line>
      <![CDATA[Test about to end]]>
    </line>
    <line>
      <![CDATA[Test completed and reports generated]]>
    </line>
    <line>
      <![CDATA[Test about to end]]>
    </line>
    <line>
      <![CDATA[Test completed and reports generated]]>
    </line>
  </reporter-output>
  <suite name="Suite" duration-ms="15412" started-at="2019-07-19T10:24:25Z" finished-at="2019-07-19T10:24:40Z">
    <groups>
    </groups>
    <test name="Test" duration-ms="15412" started-at="2019-07-19T10:24:25Z" finished-at="2019-07-19T10:24:40Z">
      <class name="com.myproject.testcases.LoginTestCRM">
        <test-method status="PASS" signature="setUpSuite()[pri:0, instance:com.myproject.testcases.LoginTestCRM@2ff4f00f]" name="setUpSuite" is-config="true" duration-ms="641" started-at="2019-07-19T15:54:24Z" finished-at="2019-07-19T15:54:25Z">
          <reporter-output>
            <line>
              <![CDATA[Setting up report and test started]]>
            </line>
            <line>
              <![CDATA[Setting Done-Test can be started]]>
            </line>
          </reporter-output>
        </test-method> <!-- setUpSuite -->
        <test-method status="PASS" signature="setUp()[pri:0, instance:com.myproject.testcases.LoginTestCRM@2ff4f00f]" name="setUp" is-config="true" duration-ms="5809" started-at="2019-07-19T15:54:25Z" finished-at="2019-07-19T15:54:30Z">
          <reporter-output>
            <line>
              <![CDATA[Starting the Browser and gettinga app ready]]>
            </line>
            <line>
              <![CDATA[Browser and app are up and running]]>
            </line>
          </reporter-output>
        </test-method> <!-- setUp -->
        <test-method status="PASS" signature="loginApp()[pri:1, instance:com.myproject.testcases.LoginTestCRM@2ff4f00f]" name="loginApp" duration-ms="8037" started-at="2019-07-19T15:54:30Z" finished-at="2019-07-19T15:54:39Z">
          <reporter-output>
          </reporter-output>
        </test-method> <!-- loginApp -->
        <test-method status="PASS" signature="tearDownMethod(org.testng.ITestResult)[pri:0, instance:com.myproject.testcases.LoginTestCRM@2ff4f00f]" name="tearDownMethod" is-config="true" duration-ms="587" started-at="2019-07-19T15:54:39Z" finished-at="2019-07-19T15:54:39Z">
          <params>
            <param index="0">
              <value>
                <![CDATA[[TestResult name=loginApp status=SUCCESS method=LoginTestCRM.loginApp()[pri:1, instance:com.myproject.testcases.LoginTestCRM@2ff4f00f] output={null}]]]>
              </value>
            </param>
          </params>
          <reporter-output>
            <line>
              <![CDATA[Test about to end]]>
            </line>
            <line>
              <![CDATA[Test completed and reports generated]]>
            </line>
          </reporter-output>
        </test-method> <!-- tearDownMethod -->
        <test-method status="PASS" signature="loginApp1()[pri:2, instance:com.myproject.testcases.LoginTestCRM@2ff4f00f]" name="loginApp1" duration-ms="2" started-at="2019-07-19T15:54:39Z" finished-at="2019-07-19T15:54:39Z">
          <reporter-output>
          </reporter-output>
        </test-method> <!-- loginApp1 -->
        <test-method status="PASS" signature="tearDownMethod(org.testng.ITestResult)[pri:0, instance:com.myproject.testcases.LoginTestCRM@2ff4f00f]" name="tearDownMethod" is-config="true" duration-ms="307" started-at="2019-07-19T15:54:39Z" finished-at="2019-07-19T15:54:39Z">
          <params>
            <param index="0">
              <value>
                <![CDATA[[TestResult name=loginApp1 status=SUCCESS method=LoginTestCRM.loginApp1()[pri:2, instance:com.myproject.testcases.LoginTestCRM@2ff4f00f] output={null}]]]>
              </value>
            </param>
          </params>
          <reporter-output>
            <line>
              <![CDATA[Test about to end]]>
            </line>
            <line>
              <![CDATA[Test completed and reports generated]]>
            </line>
          </reporter-output>
        </test-method> <!-- tearDownMethod -->
        <test-method status="PASS" signature="tearDown()[pri:0, instance:com.myproject.testcases.LoginTestCRM@2ff4f00f]" name="tearDown" is-config="true" duration-ms="658" started-at="2019-07-19T15:54:39Z" finished-at="2019-07-19T15:54:40Z">
          <reporter-output>
          </reporter-output>
        </test-method> <!-- tearDown -->
      </class> <!-- com.myproject.testcases.LoginTestCRM -->
    </test> <!-- Test -->
  </suite> <!-- Suite -->
</testng-results>
